Traceback (most recent call last):
  File "C:\Users\owner\Documents\GitHub\MageZero\test.py", line 1, in <module>
    import torch
  File "C:\Users\owner\Documents\GitHub\MageZero\.venv\Lib\site-packages\torch\__init__.py", line 2611, in <module>
    from torch import _meta_registrations
  File "C:\Users\owner\Documents\GitHub\MageZero\.venv\Lib\site-packages\torch\_meta_registrations.py", line 12, in <module>
    from torch._decomp import (
    ...<4 lines>...
    )
  File "C:\Users\owner\Documents\GitHub\MageZero\.venv\Lib\site-packages\torch\_decomp\__init__.py", line 276, in <module>
    import torch._decomp.decompositions
  File "C:\Users\owner\Documents\GitHub\MageZero\.venv\Lib\site-packages\torch\_decomp\decompositions.py", line 16, in <module>
    import torch._prims as prims
  File "C:\Users\owner\Documents\GitHub\MageZero\.venv\Lib\site-packages\torch\_prims\__init__.py", line 525, in <module>
    abs = _make_elementwise_unary_prim(
        "abs",
    ...<2 lines>...
        type_promotion=ELEMENTWISE_PRIM_TYPE_PROMOTION_KIND.COMPLEX_TO_FLOAT,
    )
  File "C:\Users\owner\Documents\GitHub\MageZero\.venv\Lib\site-packages\torch\_prims\__init__.py", line 493, in _make_elementwise_unary_prim
    return _make_prim(
        schema=f"{name}(Tensor self) -> Tensor",
    ...<2 lines>...
        **kwargs,
    )
  File "C:\Users\owner\Documents\GitHub\MageZero\.venv\Lib\site-packages\torch\_prims\__init__.py", line 321, in _make_prim
    prim_def = torch.library.custom_op(
        "prims::" + name,
    ...<2 lines>...
        schema=schema,
    )
  File "C:\Users\owner\Documents\GitHub\MageZero\.venv\Lib\site-packages\torch\_library\custom_ops.py", line 173, in custom_op
    return inner(fn)
  File "C:\Users\owner\Documents\GitHub\MageZero\.venv\Lib\site-packages\torch\_library\custom_ops.py", line 154, in inner
    result = CustomOpDef(namespace, opname, schema_str, fn)
  File "C:\Users\owner\Documents\GitHub\MageZero\.venv\Lib\site-packages\torch\_library\custom_ops.py", line 204, in __init__
    self._register_to_dispatcher()
    ~~~~~~~~~~~~~~~~~~~~~~~~~~~~^^
  File "C:\Users\owner\Documents\GitHub\MageZero\.venv\Lib\site-packages\torch\_library\custom_ops.py", line 624, in _register_to_dispatcher
    lib._register_fake(self._name, fake_impl, _stacklevel=4)
    ~~~~~~~~~~~~~~~~~~^^^^^^^^^^^^^^^^^^^^^^^^^^^^^^^^^^^^^^
  File "C:\Users\owner\Documents\GitHub\MageZero\.venv\Lib\site-packages\torch\library.py", line 193, in _register_fake
    source = torch._library.utils.get_source(_stacklevel + 1)
  File "C:\Users\owner\Documents\GitHub\MageZero\.venv\Lib\site-packages\torch\_library\utils.py", line 54, in get_source
    frame = inspect.getframeinfo(sys._getframe(stacklevel))
  File "C:\Users\owner\AppData\Local\Programs\Python\Python313\Lib\inspect.py", line 1691, in getframeinfo
    lines, lnum = findsource(frame)
                  ~~~~~~~~~~^^^^^^^
  File "C:\Users\owner\AppData\Local\Programs\Python\Python313\Lib\inspect.py", line 1072, in findsource
    module = getmodule(object, file)
  File "C:\Users\owner\AppData\Local\Programs\Python\Python313\Lib\inspect.py", line 1029, in getmodule
    os.path.realpath(f)] = module.__name__
    ~~~~~~~~~~~~~~~~^^^
  File "<frozen ntpath>", line 764, in realpath
KeyboardInterrupt
